<?xml version="1.0" encoding="UTF-8"?>
<!-- Generated by org.testng.reporters.JUnitReportReporter -->
<testsuite hostname="LAPTOP-HBSFHFQ2" failures="0" tests="1" name="automation_code_DatePicker_14th_May_2023.DatePicker" time="15.986" errors="0" timestamp="2023-06-02T08:20:40 GMT-04:00" skipped="0">
  <testcase classname="automation_code_DatePicker_14th_May_2023.DatePicker" name="seleniumPraciseBlogspotCalendar" time="15.986"/>
  <system-out/>
</testsuite> <!-- automation_code_DatePicker_14th_May_2023.DatePicker -->
