<?xml version="1.0" encoding="UTF-8"?>
<!-- Generated by org.testng.reporters.JUnitReportReporter -->
<testsuite hostname="LAPTOP-HBSFHFQ2" failures="0" tests="3" name="testNG_code_20_apr_2023.TestNg_Annonations" time="0.014" errors="0" timestamp="2023-04-27T14:46:05 GMT-04:00" skipped="0">
  <testcase classname="testNG_code_20_apr_2023.TestNg_Annonations" name="testCase2" time="0.002"/>
  <system-out/>
  <testcase classname="testNG_code_20_apr_2023.TestNg_Annonations" name="testCase3" time="0.005"/>
  <system-out/>
  <testcase classname="testNG_code_20_apr_2023.TestNg_Annonations" name="testCase1" time="0.007"/>
  <system-out/>
</testsuite> <!-- testNG_code_20_apr_2023.TestNg_Annonations -->
