<?xml version="1.0" encoding="UTF-8"?>
<!-- Generated by org.testng.reporters.JUnitReportReporter -->
<testsuite hostname="LAPTOP-HBSFHFQ2" failures="0" tests="3" name="testNG_code_20_apr_2023.Tutorialsninja_Login" time="75.257" errors="0" timestamp="2023-04-23T11:35:09 GMT-04:00" skipped="0">
  <testcase classname="testNG_code_20_apr_2023.Tutorialsninja_Login" name="clickOnLoginLink" time="25.427"/>
  <system-out/>
  <testcase classname="testNG_code_20_apr_2023.Tutorialsninja_Login" name="enterCredentials" time="23.948"/>
  <system-out/>
  <testcase classname="testNG_code_20_apr_2023.Tutorialsninja_Login" name="clickOnLoginButton" time="25.882"/>
  <system-out/>
</testsuite> <!-- testNG_code_20_apr_2023.Tutorialsninja_Login -->
