<?xml version="1.0" encoding="UTF-8"?>
<!-- Generated by org.testng.reporters.JUnitReportReporter -->
<testsuite hostname="LAPTOP-HBSFHFQ2" failures="0" tests="1" name="waits_in_selenium.ExplicitWait" time="16.784" errors="0" timestamp="2023-05-25T10:56:24 GMT-04:00" skipped="0">
  <testcase classname="waits_in_selenium.ExplicitWait" name="TNExplicitWait" time="16.784"/>
  <system-out/>
</testsuite> <!-- waits_in_selenium.ExplicitWait -->
