<?xml version="1.0" encoding="UTF-8"?>
<!-- Generated by org.testng.reporters.JUnitReportReporter -->
<testsuite hostname="LAPTOP-HBSFHFQ2" failures="0" tests="4" name="assertions_23_apr_2023.Assertions" time="103.256" errors="0" timestamp="2023-04-26T10:19:29 GMT-04:00" skipped="0">
  <testcase classname="assertions_23_apr_2023.Assertions" name="clickOnMyAccount" time="30.600"/>
  <system-out/>
  <testcase classname="assertions_23_apr_2023.Assertions" name="clickOnLogin" time="23.239"/>
  <system-out/>
  <testcase classname="assertions_23_apr_2023.Assertions" name="enterValidEmailAndValidPassword" time="25.736"/>
  <system-out/>
  <testcase classname="assertions_23_apr_2023.Assertions" name="enterValidEmailAndValidPasswordandLogout" time="23.681"/>
  <system-out/>
</testsuite> <!-- assertions_23_apr_2023.Assertions -->
