<?xml version="1.0" encoding="UTF-8"?>
<!-- Generated by org.testng.reporters.JUnitReportReporter -->
<testsuite hostname="LAPTOP-HBSFHFQ2" failures="0" tests="1" name="testng_code_Parameterization_30_apr_2023.TN_Parameterize" time="23.029" errors="0" timestamp="2023-05-01T14:30:46 GMT-04:00" skipped="0">
  <testcase classname="testng_code_Parameterization_30_apr_2023.TN_Parameterize" name="TNLoginTest" time="23.029"/>
  <system-out/>
</testsuite> <!-- testng_code_Parameterization_30_apr_2023.TN_Parameterize -->
