<?xml version="1.0" encoding="UTF-8"?>
<!-- Generated by org.testng.reporters.JUnitReportReporter -->
<testsuite hostname="LAPTOP-HBSFHFQ2" failures="0" tests="3" name="testNG_code_20_apr_2023.Automation_BT_T_AT_How_This_Combination_Works" time="99.884" errors="0" timestamp="2023-04-23T11:12:19 GMT-04:00" skipped="0">
  <testcase classname="testNG_code_20_apr_2023.Automation_BT_T_AT_How_This_Combination_Works" name="clickOnSigninLink" time="22.940"/>
  <system-out/>
  <testcase classname="testNG_code_20_apr_2023.Automation_BT_T_AT_How_This_Combination_Works" name="enterCredentials" time="32.022"/>
  <system-out/>
  <testcase classname="testNG_code_20_apr_2023.Automation_BT_T_AT_How_This_Combination_Works" name="clickOnSignInButton" time="44.922"/>
  <system-out/>
</testsuite> <!-- testNG_code_20_apr_2023.Automation_BT_T_AT_How_This_Combination_Works -->
