<?xml version="1.0" encoding="UTF-8"?>
<!-- Generated by org.testng.reporters.JUnitReportReporter -->
<testsuite hostname="LAPTOP-HBSFHFQ2" failures="0" tests="2" name="testng_code_24th_Apr_2023.TestCases_SeperateClass" time="67.675" errors="0" timestamp="2023-05-01T10:22:05 GMT-04:00" skipped="0">
  <testcase classname="testng_code_24th_Apr_2023.TestCases_SeperateClass" name="enterRediffLoginDetails" time="33.986"/>
  <system-out/>
  <testcase classname="testng_code_24th_Apr_2023.TestCases_SeperateClass" name="enterRediffLoginDetails" time="33.689"/>
  <system-out/>
</testsuite> <!-- testng_code_24th_Apr_2023.TestCases_SeperateClass -->
