<?xml version="1.0" encoding="UTF-8"?>
<!-- Generated by org.testng.reporters.JUnitReportReporter -->
<testsuite hostname="LAPTOP-HBSFHFQ2" failures="0" tests="1" name="testng_code_BatchRunning_24_Apr_2023.TNRegisterTest" time="68.104" errors="0" timestamp="2023-05-01T10:56:57 GMT-04:00" skipped="0">
  <testcase classname="testng_code_BatchRunning_24_Apr_2023.TNRegisterTest" name="tnRegister" time="68.104"/>
  <system-out/>
</testsuite> <!-- testng_code_BatchRunning_24_Apr_2023.TNRegisterTest -->
