<?xml version="1.0" encoding="UTF-8"?>
<!-- Generated by org.testng.reporters.JUnitReportReporter -->
<testsuite hostname="LAPTOP-HBSFHFQ2" failures="0" tests="1" name="testng_code_BatchRunning_24_Apr_2023.TNRegisterTest" time="14.621" errors="0" timestamp="2023-05-29T11:35:09 GMT-04:00" skipped="0">
  <testcase classname="testng_code_BatchRunning_24_Apr_2023.TNRegisterTest" name="tnRegister" time="14.621"/>
  <system-out/>
</testsuite> <!-- testng_code_BatchRunning_24_Apr_2023.TNRegisterTest -->
