<?xml version="1.0" encoding="UTF-8"?>
<!-- Generated by org.testng.reporters.JUnitReportReporter -->
<testsuite hostname="LAPTOP-HBSFHFQ2" failures="0" tests="1" name="testng_code_BatchRunning_24_Apr_2023.RediffLoginTest" time="11.516" errors="0" timestamp="2023-05-29T11:35:09 GMT-04:00" skipped="0">
  <testcase classname="testng_code_BatchRunning_24_Apr_2023.RediffLoginTest" name="enterRediffLoginDetails" time="11.516"/>
  <system-out/>
</testsuite> <!-- testng_code_BatchRunning_24_Apr_2023.RediffLoginTest -->
